2023å¹´01æœˆ19æ—¥21:00:18 DEBUG 8152 --- [restartedMain] c.hbx.adsmanager.AdsmanagerApplication   : Starting AdsmanagerApplication on DESKTOP-9CFV1O0 with PID 8152 (C:\Users\hbxzly\IdeaProjects\adsmanager\target\classes started by hbxzly in C:\Users\hbxzly\IdeaProjects\adsmanager)
2023å¹´01æœˆ19æ—¥21:00:18 DEBUG 8152 --- [restartedMain] c.hbx.adsmanager.AdsmanagerApplication   : No active profile set, falling back to default profiles: default
2023å¹´01æœˆ19æ—¥21:00:18 DEBUG 8152 --- [restartedMain] ConfigServletWebServerApplicationContext : Refreshing org.springframework.boot.web.servlet.context.AnnotationConfigServletWebServerApplicationContext@47434e70: startup date [Thu Jan 19 21:00:18 CST 2023]; root of context hierarchy
2023å¹´01æœˆ19æ—¥21:00:19 DEBUG 8152 --- [restartedMain] o.s.b.w.embedded.tomcat.TomcatWebServer  : Tomcat initialized with port(s): 8088 (http)
2023å¹´01æœˆ19æ—¥21:00:19 DEBUG 8152 --- [restartedMain] o.apache.catalina.core.StandardService   : Starting service [Tomcat]
2023å¹´01æœˆ19æ—¥21:00:19 DEBUG 8152 --- [restartedMain] org.apache.catalina.core.StandardEngine  : Starting Servlet Engine: Apache Tomcat/8.5.29
2023å¹´01æœˆ19æ—¥21:00:19 DEBUG 8152 --- [localhost-startStop-1] o.a.catalina.core.AprLifecycleListener   : The APR based Apache Tomcat Native library which allows optimal performance in production environments was not found on the java.library.path: [C:\Program Files\Java\jdk1.8.0_311\bin;C:\Windows\Sun\Java\bin;C:\Windows\system32;C:\Windows;C:\Program Files (x86)\VMware\VMware Workstation\bin\;C:\Program Files (x86)\Common Files\Oracle\Java\javapath;C:\Windows\system32;C:\Windows;C:\Windows\System32\Wbem;C:\Windows\System32\WindowsPowerShell\v1.0\;C:\Windows\System32\OpenSSH\;C:\Program Files\Java\jdk1.8.0_311\bin;C:\Program Files\Java\jdk1.8.0_311\jre\bin;D:\java\apache-maven-3.8.4-bin\apache-maven-3.8.4\bin;D:\java\apache-tomcat-8.5.73\apache-tomcat-8.5.73\lib;D:\java\apache-tomcat-8.5.73\apache-tomcat-8.5.73\lib\servlet-api.jar;D:\java\apache-tomcat-8.5.73\apache-tomcat-8.5.73\lib\jsp-api.jar;D:\java\mysql-5.7.30-winx64\mysql-5.7.30-winx64\bin;C:\Program Files (x86)\NetSarang\Xshell 7\;C:\Program Files (x86)\NetSarang\Xftp 7\;C:\Program Files\Git\cmd;C:\Users\hbxzly\Desktop\æ–‡æ¡£\å¿«æ·æ–¹å¼;C:\Users\hbxzly\AppData\Local\Microsoft\WindowsApps;D:\Program Files\Microsoft VS Code\bin;D:\Program Files\Fiddler;D:\Program Files (x86)\Tencent\QQGameTempest\Hall.57915\;.]
2023å¹´01æœˆ19æ—¥21:00:19 DEBUG 8152 --- [localhost-startStop-1] o.a.c.c.C.[Tomcat].[localhost].[/]       : Initializing Spring embedded WebApplicationContext
2023å¹´01æœˆ19æ—¥21:00:19 DEBUG 8152 --- [localhost-startStop-1] o.s.web.context.ContextLoader            : Root WebApplicationContext: initialization completed in 1365 ms
2023å¹´01æœˆ19æ—¥21:00:19 DEBUG 8152 --- [localhost-startStop-1] o.s.b.w.servlet.ServletRegistrationBean  : Servlet dispatcherServlet mapped to [/]
2023å¹´01æœˆ19æ—¥21:00:19 DEBUG 8152 --- [localhost-startStop-1] o.s.b.w.servlet.FilterRegistrationBean   : Mapping filter: 'characterEncodingFilter' to: [/*]
2023å¹´01æœˆ19æ—¥21:00:19 DEBUG 8152 --- [localhost-startStop-1] o.s.b.w.servlet.FilterRegistrationBean   : Mapping filter: 'hiddenHttpMethodFilter' to: [/*]
2023å¹´01æœˆ19æ—¥21:00:19 DEBUG 8152 --- [localhost-startStop-1] o.s.b.w.servlet.FilterRegistrationBean   : Mapping filter: 'httpPutFormContentFilter' to: [/*]
2023å¹´01æœˆ19æ—¥21:00:19 DEBUG 8152 --- [localhost-startStop-1] o.s.b.w.servlet.FilterRegistrationBean   : Mapping filter: 'requestContextFilter' to: [/*]
2023å¹´01æœˆ19æ—¥21:00:21 DEBUG 8152 --- [restartedMain] o.s.w.s.handler.SimpleUrlHandlerMapping  : Mapped URL path [/**/favicon.ico] onto handler of type [class org.springframework.web.servlet.resource.ResourceHttpRequestHandler]
2023å¹´01æœˆ19æ—¥21:00:21 DEBUG 8152 --- [restartedMain] s.w.s.m.m.a.RequestMappingHandlerAdapter : Looking for @ControllerAdvice: org.springframework.boot.web.servlet.context.AnnotationConfigServletWebServerApplicationContext@47434e70: startup date [Thu Jan 19 21:00:18 CST 2023]; root of context hierarchy
2023å¹´01æœˆ19æ—¥21:00:21 DEBUG 8152 --- [restartedMain] s.w.s.m.m.a.RequestMappingHandlerMapping : Mapped "{[/accountCookie/getAccountCookieList]}" onto public java.lang.Object com.hbx.adsmanager.controller.AccountCookieController.getAccountCookieList(int,int,com.hbx.adsmanager.domain.AccountCookie)
2023å¹´01æœˆ19æ—¥21:00:21 DEBUG 8152 --- [restartedMain] s.w.s.m.m.a.RequestMappingHandlerMapping : Mapped "{[/accountCookie/updateAccountCookie]}" onto public void com.hbx.adsmanager.controller.AccountCookieController.updateAccountCookie(java.lang.String[]) throws java.lang.InterruptedException
2023å¹´01æœˆ19æ—¥21:00:21 DEBUG 8152 --- [restartedMain] s.w.s.m.m.a.RequestMappingHandlerMapping : Mapped "{[/accountCookie/updateAllAccountCookie]}" onto public void com.hbx.adsmanager.controller.AccountCookieController.updateAllAccountCookie(java.lang.String[])
2023å¹´01æœˆ19æ—¥21:00:21 DEBUG 8152 --- [restartedMain] s.w.s.m.m.a.RequestMappingHandlerMapping : Mapped "{[/accountSystem/addAccountSystem]}" onto public java.lang.String com.hbx.adsmanager.controller.AccountSystemController.addAccountSystem(com.hbx.adsmanager.domain.AccountSystem)
2023å¹´01æœˆ19æ—¥21:00:21 DEBUG 8152 --- [restartedMain] s.w.s.m.m.a.RequestMappingHandlerMapping : Mapped "{[/accountSystem/getAccountSystemList]}" onto public java.lang.Object com.hbx.adsmanager.controller.AccountSystemController.getAccountSystemList(int,int,com.hbx.adsmanager.domain.AccountSystem)
2023å¹´01æœˆ19æ—¥21:00:21 DEBUG 8152 --- [restartedMain] s.w.s.m.m.a.RequestMappingHandlerMapping : Mapped "{[/accountSystem/updateAccountSystemAccountInfo]}" onto public java.lang.String com.hbx.adsmanager.controller.AccountSystemController.updateAccountSystemAccountInfo(java.lang.String[])
2023å¹´01æœˆ19æ—¥21:00:21 DEBUG 8152 --- [restartedMain] s.w.s.m.m.a.RequestMappingHandlerMapping : Mapped "{[/accountSystem/updateAccountSystemBasicInfo]}" onto public java.lang.String com.hbx.adsmanager.controller.AccountSystemController.updateAccountSystemBasicInfo(java.lang.String[])
2023å¹´01æœˆ19æ—¥21:00:21 DEBUG 8152 --- [restartedMain] s.w.s.m.m.a.RequestMappingHandlerMapping : Mapped "{[/accountSystem/queryAdAccountByAccountSystem]}" onto public java.util.List<com.hbx.adsmanager.domain.AdAccount> com.hbx.adsmanager.controller.AccountSystemController.queryAdAccountByAccountSystem(java.lang.String)
2023å¹´01æœˆ19æ—¥21:00:21 DEBUG 8152 --- [restartedMain] s.w.s.m.m.a.RequestMappingHandlerMapping : Mapped "{[/accountSystem/updateAccountSystemForSell]}" onto public java.lang.String com.hbx.adsmanager.controller.AccountSystemController.updateAccountSystemForSell(com.hbx.adsmanager.domain.AccountSystem)
2023å¹´01æœˆ19æ—¥21:00:21 DEBUG 8152 --- [restartedMain] s.w.s.m.m.a.RequestMappingHandlerMapping : Mapped "{[/accountSystem/updateAccountSystem]}" onto public java.lang.String com.hbx.adsmanager.controller.AccountSystemController.updateAccountSystem(com.hbx.adsmanager.domain.AccountSystem)
2023å¹´01æœˆ19æ—¥21:00:21 DEBUG 8152 --- [restartedMain] s.w.s.m.m.a.RequestMappingHandlerMapping : Mapped "{[/adAccount/bindBm]}" onto public java.lang.String com.hbx.adsmanager.controller.AdAccountController.bindBm(java.lang.String,java.lang.String,java.lang.String) throws java.lang.InterruptedException
2023å¹´01æœˆ19æ—¥21:00:21 DEBUG 8152 --- [restartedMain] s.w.s.m.m.a.RequestMappingHandlerMapping : Mapped "{[/adAccount/unBindBm]}" onto public java.lang.String com.hbx.adsmanager.controller.AdAccountController.unBindBm(java.lang.String,java.lang.String,java.lang.String) throws java.lang.InterruptedException
2023å¹´01æœˆ19æ—¥21:00:21 DEBUG 8152 --- [restartedMain] s.w.s.m.m.a.RequestMappingHandlerMapping : Mapped "{[/adAccount/getAdAccountList]}" onto public java.lang.Object com.hbx.adsmanager.controller.AdAccountController.getAdAccountList(int,int,com.hbx.adsmanager.domain.AdAccount)
2023å¹´01æœˆ19æ—¥21:00:21 DEBUG 8152 --- [restartedMain] s.w.s.m.m.a.RequestMappingHandlerMapping : Mapped "{[/adAccount/findAccountSystemByClientName]}" onto public java.lang.String com.hbx.adsmanager.controller.AdAccountController.findAccountSystemByClientName(java.lang.String)
2023å¹´01æœˆ19æ—¥21:00:21 DEBUG 8152 --- [restartedMain] s.w.s.m.m.a.RequestMappingHandlerMapping : Mapped "{[/adAccount/updateAccountSystemAdAccount]}" onto public void com.hbx.adsmanager.controller.AdAccountController.updateAccountSystemAdAccount(java.lang.String)
2023å¹´01æœˆ19æ—¥21:00:21 DEBUG 8152 --- [restartedMain] s.w.s.m.m.a.RequestMappingHandlerMapping : Mapped "{[/adAccountRechargeRecord/getAdAccountRechargeRecordList]}" onto public java.lang.Object com.hbx.adsmanager.controller.AdAccountRechargeRecordController.getAdAccountRechargeRecordList(int,int,com.hbx.adsmanager.domain.AdAccountRechargeRecord)
2023å¹´01æœˆ19æ—¥21:00:21 DEBUG 8152 --- [restartedMain] s.w.s.m.m.a.RequestMappingHandlerMapping : Mapped "{[/adAccountRechargeRecord/addAdAccountRechargeRecord]}" onto public void com.hbx.adsmanager.controller.AdAccountRechargeRecordController.addAdAccountRechargeRecord(java.lang.String)
2023å¹´01æœˆ19æ—¥21:00:21 DEBUG 8152 --- [restartedMain] s.w.s.m.m.a.RequestMappingHandlerMapping : Mapped "{[/adAccountRechargeRecord/updateAdAccountRechargeRecord]}" onto public void com.hbx.adsmanager.controller.AdAccountRechargeRecordController.updateAdAccountRechargeRecord(java.util.List<com.hbx.adsmanager.domain.AdAccountRechargeRecord>)
2023å¹´01æœˆ19æ—¥21:00:21 DEBUG 8152 --- [restartedMain] s.w.s.m.m.a.RequestMappingHandlerMapping : Mapped "{[/bm/getAccountBmList]}" onto public java.util.List<com.hbx.adsmanager.domain.Bm> com.hbx.adsmanager.controller.BmController.getAccountBmList(java.lang.String,java.lang.String) throws java.lang.InterruptedException
2023å¹´01æœˆ19æ—¥21:00:21 DEBUG 8152 --- [restartedMain] s.w.s.m.m.a.RequestMappingHandlerMapping : Mapped "{[/selenium/closeChrome]}" onto public java.lang.String com.hbx.adsmanager.controller.SeleniumController.closeChrome()
2023å¹´01æœˆ19æ—¥21:00:21 DEBUG 8152 --- [restartedMain] s.w.s.m.m.a.RequestMappingHandlerMapping : Mapped "{[/selenium/loginAccountSystem]}" onto public java.lang.String com.hbx.adsmanager.controller.SeleniumController.loginAccountSystem(java.lang.String[])
2023å¹´01æœˆ19æ—¥21:00:21 DEBUG 8152 --- [restartedMain] s.w.s.m.m.a.RequestMappingHandlerMapping : Mapped "{[/selenium/adAccountRecharge]}" onto public java.lang.String com.hbx.adsmanager.controller.SeleniumController.adAccountRecharge(java.util.List<com.hbx.adsmanager.domain.vo.AdAccountRechargeVo>) throws java.lang.InterruptedException
2023å¹´01æœˆ19æ—¥21:00:21 DEBUG 8152 --- [restartedMain] s.w.s.m.m.a.RequestMappingHandlerMapping : Mapped "{[/system/index || /system/ || /],methods=[GET]}" onto public java.lang.String com.hbx.adsmanager.controller.SystemController.index()
2023å¹´01æœˆ19æ—¥21:00:21 DEBUG 8152 --- [restartedMain] s.w.s.m.m.a.RequestMappingHandlerMapping : Mapped "{[/system/adAccount],methods=[GET]}" onto public java.lang.String com.hbx.adsmanager.controller.SystemController.adAccountList()
2023å¹´01æœˆ19æ—¥21:00:21 DEBUG 8152 --- [restartedMain] s.w.s.m.m.a.RequestMappingHandlerMapping : Mapped "{[/system/walletRechargeRecord],methods=[GET]}" onto public java.lang.String com.hbx.adsmanager.controller.SystemController.walletRechargeRecordList()
2023å¹´01æœˆ19æ—¥21:00:21 DEBUG 8152 --- [restartedMain] s.w.s.m.m.a.RequestMappingHandlerMapping : Mapped "{[/system/adAccountRechargeRecord],methods=[GET]}" onto public java.lang.String com.hbx.adsmanager.controller.SystemController.adAccountRechargeRecordList()
2023å¹´01æœˆ19æ—¥21:00:21 DEBUG 8152 --- [restartedMain] s.w.s.m.m.a.RequestMappingHandlerMapping : Mapped "{[/system/accountCookie],methods=[GET]}" onto public java.lang.String com.hbx.adsmanager.controller.SystemController.accountCookieList()
2023å¹´01æœˆ19æ—¥21:00:21 DEBUG 8152 --- [restartedMain] s.w.s.m.m.a.RequestMappingHandlerMapping : Mapped "{[/system/accountSystem],methods=[GET]}" onto public java.lang.String com.hbx.adsmanager.controller.SystemController.accountSystemList()
2023å¹´01æœˆ19æ—¥21:00:21 DEBUG 8152 --- [restartedMain] s.w.s.m.m.a.RequestMappingHandlerMapping : Mapped "{[/walletRechargeRecord/addRechargeRecordList]}" onto public void com.hbx.adsmanager.controller.WalletRechargeRecordController.addRechargeRecordList(java.lang.String)
2023å¹´01æœˆ19æ—¥21:00:21 DEBUG 8152 --- [restartedMain] s.w.s.m.m.a.RequestMappingHandlerMapping : Mapped "{[/walletRechargeRecord/getWalletRechargeRecordList]}" onto public java.lang.Object com.hbx.adsmanager.controller.WalletRechargeRecordController.getWalletRechargeRecordList(int,int,com.hbx.adsmanager.domain.WalletRechargeRecord)
2023å¹´01æœˆ19æ—¥21:00:21 DEBUG 8152 --- [restartedMain] s.w.s.m.m.a.RequestMappingHandlerMapping : Mapped "{[/error]}" onto public org.springframework.http.ResponseEntity<java.util.Map<java.lang.String, java.lang.Object>> org.springframework.boot.autoconfigure.web.servlet.error.BasicErrorController.error(javax.servlet.http.HttpServletRequest)
2023å¹´01æœˆ19æ—¥21:00:21 DEBUG 8152 --- [restartedMain] s.w.s.m.m.a.RequestMappingHandlerMapping : Mapped "{[/error],produces=[text/html]}" onto public org.springframework.web.servlet.ModelAndView org.springframework.boot.autoconfigure.web.servlet.error.BasicErrorController.errorHtml(javax.servlet.http.HttpServletRequest,javax.servlet.http.HttpServletResponse)
2023å¹´01æœˆ19æ—¥21:00:21 DEBUG 8152 --- [restartedMain] o.s.w.s.handler.SimpleUrlHandlerMapping  : Mapped URL path [/webjars/**] onto handler of type [class org.springframework.web.servlet.resource.ResourceHttpRequestHandler]
2023å¹´01æœˆ19æ—¥21:00:21 DEBUG 8152 --- [restartedMain] o.s.w.s.handler.SimpleUrlHandlerMapping  : Mapped URL path [/**] onto handler of type [class org.springframework.web.servlet.resource.ResourceHttpRequestHandler]
2023å¹´01æœˆ19æ—¥21:00:21 DEBUG 8152 --- [restartedMain] o.s.b.d.a.OptionalLiveReloadServer       : LiveReload server is running on port 35729
2023å¹´01æœˆ19æ—¥21:00:21 DEBUG 8152 --- [restartedMain] o.s.j.e.a.AnnotationMBeanExporter        : Registering beans for JMX exposure on startup
2023å¹´01æœˆ19æ—¥21:00:21 DEBUG 8152 --- [restartedMain] o.s.j.e.a.AnnotationMBeanExporter        : Bean with name 'dataSource' has been autodetected for JMX exposure
2023å¹´01æœˆ19æ—¥21:00:21 DEBUG 8152 --- [restartedMain] o.s.j.e.a.AnnotationMBeanExporter        : Located MBean 'dataSource': registering with JMX server as MBean [com.zaxxer.hikari:name=dataSource,type=HikariDataSource]
2023å¹´01æœˆ19æ—¥21:00:21 DEBUG 8152 --- [restartedMain] s.a.ScheduledAnnotationBeanPostProcessor : No TaskScheduler/ScheduledExecutorService bean found for scheduled processing
2023å¹´01æœˆ19æ—¥21:00:21 DEBUG 8152 --- [restartedMain] o.s.b.w.embedded.tomcat.TomcatWebServer  : Tomcat started on port(s): 8088 (http) with context path ''
2023å¹´01æœˆ19æ—¥21:00:21 DEBUG 8152 --- [restartedMain] c.hbx.adsmanager.AdsmanagerApplication   : Started AdsmanagerApplication in 3.834 seconds (JVM running for 5.092)
2023å¹´01æœˆ19æ—¥22:26:46 DEBUG 8152 --- [http-nio-8088-exec-1] o.a.c.c.C.[Tomcat].[localhost].[/]       : Initializing Spring FrameworkServlet 'dispatcherServlet'
2023å¹´01æœˆ19æ—¥22:26:46 DEBUG 8152 --- [http-nio-8088-exec-1] o.s.web.servlet.DispatcherServlet        : FrameworkServlet 'dispatcherServlet': initialization started
2023å¹´01æœˆ19æ—¥22:26:46 DEBUG 8152 --- [http-nio-8088-exec-1] o.s.web.servlet.DispatcherServlet        : FrameworkServlet 'dispatcherServlet': initialization completed in 15 ms
2023å¹´01æœˆ19æ—¥22:26:48 DEBUG 8152 --- [http-nio-8088-exec-9] com.zaxxer.hikari.HikariDataSource       : HikariPool-1 - Starting...
2023å¹´01æœˆ19æ—¥22:26:48 DEBUG 8152 --- [http-nio-8088-exec-9] com.zaxxer.hikari.HikariDataSource       : HikariPool-1 - Start completed.
2023å¹´01æœˆ19æ—¥22:27:21 DEBUG 8152 --- [Forwarding newSession on session null to remote] o.o.selenium.remote.ProtocolHandshake    : Detected dialect: W3C
2023å¹´01æœˆ19æ—¥22:28:08 DEBUG 8152 --- [Forwarding newSession on session null to remote] o.o.selenium.remote.ProtocolHandshake    : Detected dialect: W3C
2023Äê01ÔÂ19ÈÕ22:29:10 DEBUG 14864 --- [main] c.h.a.AdsmanagerApplicationTests         : Starting AdsmanagerApplicationTests on DESKTOP-9CFV1O0 with PID 14864 (started by hbxzly in C:\Users\hbxzly\IdeaProjects\adsmanager)
2023Äê01ÔÂ19ÈÕ22:29:10 DEBUG 14864 --- [main] c.h.a.AdsmanagerApplicationTests         : No active profile set, falling back to default profiles: default
2023Äê01ÔÂ19ÈÕ22:29:10 DEBUG 14864 --- [main] o.s.w.c.s.GenericWebApplicationContext   : Refreshing org.springframework.web.context.support.GenericWebApplicationContext@7f284218: startup date [Thu Jan 19 22:29:10 CST 2023]; root of context hierarchy
2023å¹´01æœˆ19æ—¥22:29:10 DEBUG 8152 --- [Thread-11] ConfigServletWebServerApplicationContext : Closing org.springframework.boot.web.servlet.context.AnnotationConfigServletWebServerApplicationContext@47434e70: startup date [Thu Jan 19 21:00:18 CST 2023]; root of context hierarchy
2023å¹´01æœˆ19æ—¥22:29:10 DEBUG 8152 --- [Thread-11] o.s.j.e.a.AnnotationMBeanExporter        : Unregistering JMX-exposed beans on shutdown
2023å¹´01æœˆ19æ—¥22:29:10 DEBUG 8152 --- [Thread-11] o.s.j.e.a.AnnotationMBeanExporter        : Unregistering JMX-exposed beans
2023å¹´01æœˆ19æ—¥22:29:10 DEBUG 8152 --- [Thread-11] com.zaxxer.hikari.HikariDataSource       : HikariPool-1 - Shutdown initiated...
2023å¹´01æœˆ19æ—¥22:29:10 DEBUG 8152 --- [Thread-11] com.zaxxer.hikari.HikariDataSource       : HikariPool-1 - Shutdown completed.
2023å¹´01æœˆ19æ—¥22:29:11 DEBUG 8152 --- [restartedMain] c.hbx.adsmanager.AdsmanagerApplication   : Starting AdsmanagerApplication on DESKTOP-9CFV1O0 with PID 8152 (C:\Users\hbxzly\IdeaProjects\adsmanager\target\classes started by hbxzly in C:\Users\hbxzly\IdeaProjects\adsmanager)
2023å¹´01æœˆ19æ—¥22:29:11 DEBUG 8152 --- [restartedMain] c.hbx.adsmanager.AdsmanagerApplication   : No active profile set, falling back to default profiles: default
2023å¹´01æœˆ19æ—¥22:29:11 DEBUG 8152 --- [restartedMain] ConfigServletWebServerApplicationContext : Refreshing org.springframework.boot.web.servlet.context.AnnotationConfigServletWebServerApplicationContext@35ca616f: startup date [Thu Jan 19 22:29:11 CST 2023]; root of context hierarchy
2023å¹´01æœˆ19æ—¥22:29:12 DEBUG 8152 --- [restartedMain] o.s.b.w.embedded.tomcat.TomcatWebServer  : Tomcat initialized with port(s): 8088 (http)
2023å¹´01æœˆ19æ—¥22:29:12 DEBUG 8152 --- [restartedMain] o.apache.catalina.core.StandardService   : Starting service [Tomcat]
2023å¹´01æœˆ19æ—¥22:29:12 DEBUG 8152 --- [restartedMain] org.apache.catalina.core.StandardEngine  : Starting Servlet Engine: Apache Tomcat/8.5.29
2023å¹´01æœˆ19æ—¥22:29:12 DEBUG 8152 --- [localhost-startStop-1] o.a.c.c.C.[Tomcat].[localhost].[/]       : Initializing Spring embedded WebApplicationContext
2023å¹´01æœˆ19æ—¥22:29:12 DEBUG 8152 --- [localhost-startStop-1] o.s.web.context.ContextLoader            : Root WebApplicationContext: initialization completed in 572 ms
2023å¹´01æœˆ19æ—¥22:29:12 DEBUG 8152 --- [localhost-startStop-1] o.s.b.w.servlet.ServletRegistrationBean  : Servlet dispatcherServlet mapped to [/]
2023å¹´01æœˆ19æ—¥22:29:12 DEBUG 8152 --- [localhost-startStop-1] o.s.b.w.servlet.FilterRegistrationBean   : Mapping filter: 'characterEncodingFilter' to: [/*]
2023å¹´01æœˆ19æ—¥22:29:12 DEBUG 8152 --- [localhost-startStop-1] o.s.b.w.servlet.FilterRegistrationBean   : Mapping filter: 'hiddenHttpMethodFilter' to: [/*]
2023å¹´01æœˆ19æ—¥22:29:12 DEBUG 8152 --- [localhost-startStop-1] o.s.b.w.servlet.FilterRegistrationBean   : Mapping filter: 'httpPutFormContentFilter' to: [/*]
2023å¹´01æœˆ19æ—¥22:29:12 DEBUG 8152 --- [localhost-startStop-1] o.s.b.w.servlet.FilterRegistrationBean   : Mapping filter: 'requestContextFilter' to: [/*]
2023å¹´01æœˆ19æ—¥22:29:12 DEBUG 8152 --- [restartedMain] o.s.w.s.handler.SimpleUrlHandlerMapping  : Mapped URL path [/**/favicon.ico] onto handler of type [class org.springframework.web.servlet.resource.ResourceHttpRequestHandler]
2023å¹´01æœˆ19æ—¥22:29:12 DEBUG 8152 --- [restartedMain] s.w.s.m.m.a.RequestMappingHandlerAdapter : Looking for @ControllerAdvice: org.springframework.boot.web.servlet.context.AnnotationConfigServletWebServerApplicationContext@35ca616f: startup date [Thu Jan 19 22:29:11 CST 2023]; root of context hierarchy
2023å¹´01æœˆ19æ—¥22:29:12 DEBUG 8152 --- [restartedMain] s.w.s.m.m.a.RequestMappingHandlerMapping : Mapped "{[/accountCookie/getAccountCookieList]}" onto public java.lang.Object com.hbx.adsmanager.controller.AccountCookieController.getAccountCookieList(int,int,com.hbx.adsmanager.domain.AccountCookie)
2023å¹´01æœˆ19æ—¥22:29:12 DEBUG 8152 --- [restartedMain] s.w.s.m.m.a.RequestMappingHandlerMapping : Mapped "{[/accountCookie/updateAccountCookie]}" onto public void com.hbx.adsmanager.controller.AccountCookieController.updateAccountCookie(java.lang.String[]) throws java.lang.InterruptedException
2023å¹´01æœˆ19æ—¥22:29:12 DEBUG 8152 --- [restartedMain] s.w.s.m.m.a.RequestMappingHandlerMapping : Mapped "{[/accountCookie/updateAllAccountCookie]}" onto public void com.hbx.adsmanager.controller.AccountCookieController.updateAllAccountCookie(java.lang.String[])
2023å¹´01æœˆ19æ—¥22:29:12 DEBUG 8152 --- [restartedMain] s.w.s.m.m.a.RequestMappingHandlerMapping : Mapped "{[/accountSystem/addAccountSystem]}" onto public java.lang.String com.hbx.adsmanager.controller.AccountSystemController.addAccountSystem(com.hbx.adsmanager.domain.AccountSystem)
2023å¹´01æœˆ19æ—¥22:29:12 DEBUG 8152 --- [restartedMain] s.w.s.m.m.a.RequestMappingHandlerMapping : Mapped "{[/accountSystem/getAccountSystemList]}" onto public java.lang.Object com.hbx.adsmanager.controller.AccountSystemController.getAccountSystemList(int,int,com.hbx.adsmanager.domain.AccountSystem)
2023å¹´01æœˆ19æ—¥22:29:12 DEBUG 8152 --- [restartedMain] s.w.s.m.m.a.RequestMappingHandlerMapping : Mapped "{[/accountSystem/updateAccountSystemAccountInfo]}" onto public java.lang.String com.hbx.adsmanager.controller.AccountSystemController.updateAccountSystemAccountInfo(java.lang.String[])
2023å¹´01æœˆ19æ—¥22:29:12 DEBUG 8152 --- [restartedMain] s.w.s.m.m.a.RequestMappingHandlerMapping : Mapped "{[/accountSystem/updateAccountSystemBasicInfo]}" onto public java.lang.String com.hbx.adsmanager.controller.AccountSystemController.updateAccountSystemBasicInfo(java.lang.String[])
2023å¹´01æœˆ19æ—¥22:29:12 DEBUG 8152 --- [restartedMain] s.w.s.m.m.a.RequestMappingHandlerMapping : Mapped "{[/accountSystem/queryAdAccountByAccountSystem]}" onto public java.util.List<com.hbx.adsmanager.domain.AdAccount> com.hbx.adsmanager.controller.AccountSystemController.queryAdAccountByAccountSystem(java.lang.String)
2023å¹´01æœˆ19æ—¥22:29:12 DEBUG 8152 --- [restartedMain] s.w.s.m.m.a.RequestMappingHandlerMapping : Mapped "{[/accountSystem/updateAccountSystemForSell]}" onto public java.lang.String com.hbx.adsmanager.controller.AccountSystemController.updateAccountSystemForSell(com.hbx.adsmanager.domain.AccountSystem)
2023å¹´01æœˆ19æ—¥22:29:12 DEBUG 8152 --- [restartedMain] s.w.s.m.m.a.RequestMappingHandlerMapping : Mapped "{[/accountSystem/updateAccountSystem]}" onto public java.lang.String com.hbx.adsmanager.controller.AccountSystemController.updateAccountSystem(com.hbx.adsmanager.domain.AccountSystem)
2023å¹´01æœˆ19æ—¥22:29:12 DEBUG 8152 --- [restartedMain] s.w.s.m.m.a.RequestMappingHandlerMapping : Mapped "{[/adAccount/bindBm]}" onto public java.lang.String com.hbx.adsmanager.controller.AdAccountController.bindBm(java.lang.String,java.lang.String,java.lang.String) throws java.lang.InterruptedException
2023å¹´01æœˆ19æ—¥22:29:12 DEBUG 8152 --- [restartedMain] s.w.s.m.m.a.RequestMappingHandlerMapping : Mapped "{[/adAccount/unBindBm]}" onto public java.lang.String com.hbx.adsmanager.controller.AdAccountController.unBindBm(java.lang.String,java.lang.String,java.lang.String) throws java.lang.InterruptedException
2023å¹´01æœˆ19æ—¥22:29:12 DEBUG 8152 --- [restartedMain] s.w.s.m.m.a.RequestMappingHandlerMapping : Mapped "{[/adAccount/getAdAccountList]}" onto public java.lang.Object com.hbx.adsmanager.controller.AdAccountController.getAdAccountList(int,int,com.hbx.adsmanager.domain.AdAccount)
2023å¹´01æœˆ19æ—¥22:29:12 DEBUG 8152 --- [restartedMain] s.w.s.m.m.a.RequestMappingHandlerMapping : Mapped "{[/adAccount/findAccountSystemByClientName]}" onto public java.lang.String com.hbx.adsmanager.controller.AdAccountController.findAccountSystemByClientName(java.lang.String)
2023å¹´01æœˆ19æ—¥22:29:12 DEBUG 8152 --- [restartedMain] s.w.s.m.m.a.RequestMappingHandlerMapping : Mapped "{[/adAccount/updateAccountSystemAdAccount]}" onto public void com.hbx.adsmanager.controller.AdAccountController.updateAccountSystemAdAccount(java.lang.String)
2023å¹´01æœˆ19æ—¥22:29:12 DEBUG 8152 --- [restartedMain] s.w.s.m.m.a.RequestMappingHandlerMapping : Mapped "{[/adAccountRechargeRecord/getAdAccountRechargeRecordList]}" onto public java.lang.Object com.hbx.adsmanager.controller.AdAccountRechargeRecordController.getAdAccountRechargeRecordList(int,int,com.hbx.adsmanager.domain.AdAccountRechargeRecord)
2023å¹´01æœˆ19æ—¥22:29:12 DEBUG 8152 --- [restartedMain] s.w.s.m.m.a.RequestMappingHandlerMapping : Mapped "{[/adAccountRechargeRecord/addAdAccountRechargeRecord]}" onto public void com.hbx.adsmanager.controller.AdAccountRechargeRecordController.addAdAccountRechargeRecord(java.lang.String)
2023å¹´01æœˆ19æ—¥22:29:12 DEBUG 8152 --- [restartedMain] s.w.s.m.m.a.RequestMappingHandlerMapping : Mapped "{[/adAccountRechargeRecord/updateAdAccountRechargeRecord]}" onto public void com.hbx.adsmanager.controller.AdAccountRechargeRecordController.updateAdAccountRechargeRecord(java.util.List<com.hbx.adsmanager.domain.AdAccountRechargeRecord>)
2023å¹´01æœˆ19æ—¥22:29:12 DEBUG 8152 --- [restartedMain] s.w.s.m.m.a.RequestMappingHandlerMapping : Mapped "{[/bm/getAccountBmList]}" onto public java.util.List<com.hbx.adsmanager.domain.Bm> com.hbx.adsmanager.controller.BmController.getAccountBmList(java.lang.String,java.lang.String) throws java.lang.InterruptedException
2023å¹´01æœˆ19æ—¥22:29:12 DEBUG 8152 --- [restartedMain] s.w.s.m.m.a.RequestMappingHandlerMapping : Mapped "{[/selenium/closeChrome]}" onto public java.lang.String com.hbx.adsmanager.controller.SeleniumController.closeChrome()
2023å¹´01æœˆ19æ—¥22:29:12 DEBUG 8152 --- [restartedMain] s.w.s.m.m.a.RequestMappingHandlerMapping : Mapped "{[/selenium/loginAccountSystem]}" onto public java.lang.String com.hbx.adsmanager.controller.SeleniumController.loginAccountSystem(java.lang.String[])
2023å¹´01æœˆ19æ—¥22:29:12 DEBUG 8152 --- [restartedMain] s.w.s.m.m.a.RequestMappingHandlerMapping : Mapped "{[/selenium/adAccountRecharge]}" onto public java.lang.String com.hbx.adsmanager.controller.SeleniumController.adAccountRecharge(java.util.List<com.hbx.adsmanager.domain.vo.AdAccountRechargeVo>) throws java.lang.InterruptedException
2023å¹´01æœˆ19æ—¥22:29:12 DEBUG 8152 --- [restartedMain] s.w.s.m.m.a.RequestMappingHandlerMapping : Mapped "{[/system/index || /system/ || /],methods=[GET]}" onto public java.lang.String com.hbx.adsmanager.controller.SystemController.index()
2023å¹´01æœˆ19æ—¥22:29:12 DEBUG 8152 --- [restartedMain] s.w.s.m.m.a.RequestMappingHandlerMapping : Mapped "{[/system/adAccount],methods=[GET]}" onto public java.lang.String com.hbx.adsmanager.controller.SystemController.adAccountList()
2023å¹´01æœˆ19æ—¥22:29:12 DEBUG 8152 --- [restartedMain] s.w.s.m.m.a.RequestMappingHandlerMapping : Mapped "{[/system/walletRechargeRecord],methods=[GET]}" onto public java.lang.String com.hbx.adsmanager.controller.SystemController.walletRechargeRecordList()
2023å¹´01æœˆ19æ—¥22:29:12 DEBUG 8152 --- [restartedMain] s.w.s.m.m.a.RequestMappingHandlerMapping : Mapped "{[/system/adAccountRechargeRecord],methods=[GET]}" onto public java.lang.String com.hbx.adsmanager.controller.SystemController.adAccountRechargeRecordList()
2023å¹´01æœˆ19æ—¥22:29:12 DEBUG 8152 --- [restartedMain] s.w.s.m.m.a.RequestMappingHandlerMapping : Mapped "{[/system/accountCookie],methods=[GET]}" onto public java.lang.String com.hbx.adsmanager.controller.SystemController.accountCookieList()
2023å¹´01æœˆ19æ—¥22:29:12 DEBUG 8152 --- [restartedMain] s.w.s.m.m.a.RequestMappingHandlerMapping : Mapped "{[/system/accountSystem],methods=[GET]}" onto public java.lang.String com.hbx.adsmanager.controller.SystemController.accountSystemList()
2023å¹´01æœˆ19æ—¥22:29:12 DEBUG 8152 --- [restartedMain] s.w.s.m.m.a.RequestMappingHandlerMapping : Mapped "{[/walletRechargeRecord/addRechargeRecordList]}" onto public void com.hbx.adsmanager.controller.WalletRechargeRecordController.addRechargeRecordList(java.lang.String)
2023å¹´01æœˆ19æ—¥22:29:12 DEBUG 8152 --- [restartedMain] s.w.s.m.m.a.RequestMappingHandlerMapping : Mapped "{[/walletRechargeRecord/getWalletRechargeRecordList]}" onto public java.lang.Object com.hbx.adsmanager.controller.WalletRechargeRecordController.getWalletRechargeRecordList(int,int,com.hbx.adsmanager.domain.WalletRechargeRecord)
2023å¹´01æœˆ19æ—¥22:29:12 DEBUG 8152 --- [restartedMain] s.w.s.m.m.a.RequestMappingHandlerMapping : Mapped "{[/error]}" onto public org.springframework.http.ResponseEntity<java.util.Map<java.lang.String, java.lang.Object>> org.springframework.boot.autoconfigure.web.servlet.error.BasicErrorController.error(javax.servlet.http.HttpServletRequest)
2023å¹´01æœˆ19æ—¥22:29:12 DEBUG 8152 --- [restartedMain] s.w.s.m.m.a.RequestMappingHandlerMapping : Mapped "{[/error],produces=[text/html]}" onto public org.springframework.web.servlet.ModelAndView org.springframework.boot.autoconfigure.web.servlet.error.BasicErrorController.errorHtml(javax.servlet.http.HttpServletRequest,javax.servlet.http.HttpServletResponse)
2023å¹´01æœˆ19æ—¥22:29:12 DEBUG 8152 --- [restartedMain] o.s.w.s.handler.SimpleUrlHandlerMapping  : Mapped URL path [/webjars/**] onto handler of type [class org.springframework.web.servlet.resource.ResourceHttpRequestHandler]
2023å¹´01æœˆ19æ—¥22:29:12 DEBUG 8152 --- [restartedMain] o.s.w.s.handler.SimpleUrlHandlerMapping  : Mapped URL path [/**] onto handler of type [class org.springframework.web.servlet.resource.ResourceHttpRequestHandler]
2023å¹´01æœˆ19æ—¥22:29:13 DEBUG 8152 --- [restartedMain] o.s.b.d.a.OptionalLiveReloadServer       : LiveReload server is running on port 35729
2023å¹´01æœˆ19æ—¥22:29:13 DEBUG 8152 --- [restartedMain] o.s.j.e.a.AnnotationMBeanExporter        : Registering beans for JMX exposure on startup
2023å¹´01æœˆ19æ—¥22:29:13 DEBUG 8152 --- [restartedMain] o.s.j.e.a.AnnotationMBeanExporter        : Bean with name 'dataSource' has been autodetected for JMX exposure
2023å¹´01æœˆ19æ—¥22:29:13 DEBUG 8152 --- [restartedMain] o.s.j.e.a.AnnotationMBeanExporter        : Located MBean 'dataSource': registering with JMX server as MBean [com.zaxxer.hikari:name=dataSource,type=HikariDataSource]
2023å¹´01æœˆ19æ—¥22:29:13 DEBUG 8152 --- [restartedMain] s.a.ScheduledAnnotationBeanPostProcessor : No TaskScheduler/ScheduledExecutorService bean found for scheduled processing
2023å¹´01æœˆ19æ—¥22:29:13 DEBUG 8152 --- [restartedMain] o.s.b.w.embedded.tomcat.TomcatWebServer  : Tomcat started on port(s): 8088 (http) with context path ''
2023å¹´01æœˆ19æ—¥22:29:13 DEBUG 8152 --- [restartedMain] c.hbx.adsmanager.AdsmanagerApplication   : Started AdsmanagerApplication in 1.649 seconds (JVM running for 5336.268)
2023å¹´01æœˆ19æ—¥22:29:13 DEBUG 8152 --- [restartedMain] .ConditionEvaluationDeltaLoggingListener : Condition evaluation unchanged
2023Äê01ÔÂ19ÈÕ22:29:13 DEBUG 14864 --- [main] o.s.w.s.handler.SimpleUrlHandlerMapping  : Mapped URL path [/**/favicon.ico] onto handler of type [class org.springframework.web.servlet.resource.ResourceHttpRequestHandler]
2023Äê01ÔÂ19ÈÕ22:29:13 DEBUG 14864 --- [main] s.w.s.m.m.a.RequestMappingHandlerAdapter : Looking for @ControllerAdvice: org.springframework.web.context.support.GenericWebApplicationContext@7f284218: startup date [Thu Jan 19 22:29:10 CST 2023]; root of context hierarchy
2023Äê01ÔÂ19ÈÕ22:29:13 DEBUG 14864 --- [main] s.w.s.m.m.a.RequestMappingHandlerMapping : Mapped "{[/accountCookie/updateAccountCookie]}" onto public void com.hbx.adsmanager.controller.AccountCookieController.updateAccountCookie(java.lang.String[]) throws java.lang.InterruptedException
2023Äê01ÔÂ19ÈÕ22:29:13 DEBUG 14864 --- [main] s.w.s.m.m.a.RequestMappingHandlerMapping : Mapped "{[/accountCookie/updateAllAccountCookie]}" onto public void com.hbx.adsmanager.controller.AccountCookieController.updateAllAccountCookie(java.lang.String[])
2023Äê01ÔÂ19ÈÕ22:29:13 DEBUG 14864 --- [main] s.w.s.m.m.a.RequestMappingHandlerMapping : Mapped "{[/accountCookie/getAccountCookieList]}" onto public java.lang.Object com.hbx.adsmanager.controller.AccountCookieController.getAccountCookieList(int,int,com.hbx.adsmanager.domain.AccountCookie)
2023Äê01ÔÂ19ÈÕ22:29:13 DEBUG 14864 --- [main] s.w.s.m.m.a.RequestMappingHandlerMapping : Mapped "{[/accountSystem/queryAdAccountByAccountSystem]}" onto public java.util.List<com.hbx.adsmanager.domain.AdAccount> com.hbx.adsmanager.controller.AccountSystemController.queryAdAccountByAccountSystem(java.lang.String)
2023Äê01ÔÂ19ÈÕ22:29:13 DEBUG 14864 --- [main] s.w.s.m.m.a.RequestMappingHandlerMapping : Mapped "{[/accountSystem/updateAccountSystem]}" onto public java.lang.String com.hbx.adsmanager.controller.AccountSystemController.updateAccountSystem(com.hbx.adsmanager.domain.AccountSystem)
2023Äê01ÔÂ19ÈÕ22:29:13 DEBUG 14864 --- [main] s.w.s.m.m.a.RequestMappingHandlerMapping : Mapped "{[/accountSystem/updateAccountSystemBasicInfo]}" onto public java.lang.String com.hbx.adsmanager.controller.AccountSystemController.updateAccountSystemBasicInfo(java.lang.String[])
2023Äê01ÔÂ19ÈÕ22:29:13 DEBUG 14864 --- [main] s.w.s.m.m.a.RequestMappingHandlerMapping : Mapped "{[/accountSystem/updateAccountSystemAccountInfo]}" onto public java.lang.String com.hbx.adsmanager.controller.AccountSystemController.updateAccountSystemAccountInfo(java.lang.String[])
2023Äê01ÔÂ19ÈÕ22:29:13 DEBUG 14864 --- [main] s.w.s.m.m.a.RequestMappingHandlerMapping : Mapped "{[/accountSystem/updateAccountSystemForSell]}" onto public java.lang.String com.hbx.adsmanager.controller.AccountSystemController.updateAccountSystemForSell(com.hbx.adsmanager.domain.AccountSystem)
2023Äê01ÔÂ19ÈÕ22:29:13 DEBUG 14864 --- [main] s.w.s.m.m.a.RequestMappingHandlerMapping : Mapped "{[/accountSystem/addAccountSystem]}" onto public java.lang.String com.hbx.adsmanager.controller.AccountSystemController.addAccountSystem(com.hbx.adsmanager.domain.AccountSystem)
2023Äê01ÔÂ19ÈÕ22:29:13 DEBUG 14864 --- [main] s.w.s.m.m.a.RequestMappingHandlerMapping : Mapped "{[/accountSystem/getAccountSystemList]}" onto public java.lang.Object com.hbx.adsmanager.controller.AccountSystemController.getAccountSystemList(int,int,com.hbx.adsmanager.domain.AccountSystem)
2023Äê01ÔÂ19ÈÕ22:29:13 DEBUG 14864 --- [main] s.w.s.m.m.a.RequestMappingHandlerMapping : Mapped "{[/adAccount/unBindBm]}" onto public java.lang.String com.hbx.adsmanager.controller.AdAccountController.unBindBm(java.lang.String,java.lang.String,java.lang.String) throws java.lang.InterruptedException
2023Äê01ÔÂ19ÈÕ22:29:13 DEBUG 14864 --- [main] s.w.s.m.m.a.RequestMappingHandlerMapping : Mapped "{[/adAccount/bindBm]}" onto public java.lang.String com.hbx.adsmanager.controller.AdAccountController.bindBm(java.lang.String,java.lang.String,java.lang.String) throws java.lang.InterruptedException
2023Äê01ÔÂ19ÈÕ22:29:13 DEBUG 14864 --- [main] s.w.s.m.m.a.RequestMappingHandlerMapping : Mapped "{[/adAccount/getAdAccountList]}" onto public java.lang.Object com.hbx.adsmanager.controller.AdAccountController.getAdAccountList(int,int,com.hbx.adsmanager.domain.AdAccount)
2023Äê01ÔÂ19ÈÕ22:29:13 DEBUG 14864 --- [main] s.w.s.m.m.a.RequestMappingHandlerMapping : Mapped "{[/adAccount/findAccountSystemByClientName]}" onto public java.lang.String com.hbx.adsmanager.controller.AdAccountController.findAccountSystemByClientName(java.lang.String)
2023Äê01ÔÂ19ÈÕ22:29:13 DEBUG 14864 --- [main] s.w.s.m.m.a.RequestMappingHandlerMapping : Mapped "{[/adAccount/updateAccountSystemAdAccount]}" onto public void com.hbx.adsmanager.controller.AdAccountController.updateAccountSystemAdAccount(java.lang.String)
2023Äê01ÔÂ19ÈÕ22:29:13 DEBUG 14864 --- [main] s.w.s.m.m.a.RequestMappingHandlerMapping : Mapped "{[/adAccountRechargeRecord/getAdAccountRechargeRecordList]}" onto public java.lang.Object com.hbx.adsmanager.controller.AdAccountRechargeRecordController.getAdAccountRechargeRecordList(int,int,com.hbx.adsmanager.domain.AdAccountRechargeRecord)
2023Äê01ÔÂ19ÈÕ22:29:13 DEBUG 14864 --- [main] s.w.s.m.m.a.RequestMappingHandlerMapping : Mapped "{[/adAccountRechargeRecord/updateAdAccountRechargeRecord]}" onto public void com.hbx.adsmanager.controller.AdAccountRechargeRecordController.updateAdAccountRechargeRecord(java.util.List<com.hbx.adsmanager.domain.AdAccountRechargeRecord>)
2023Äê01ÔÂ19ÈÕ22:29:13 DEBUG 14864 --- [main] s.w.s.m.m.a.RequestMappingHandlerMapping : Mapped "{[/adAccountRechargeRecord/addAdAccountRechargeRecord]}" onto public void com.hbx.adsmanager.controller.AdAccountRechargeRecordController.addAdAccountRechargeRecord(java.lang.String)
2023Äê01ÔÂ19ÈÕ22:29:13 DEBUG 14864 --- [main] s.w.s.m.m.a.RequestMappingHandlerMapping : Mapped "{[/bm/getAccountBmList]}" onto public java.util.List<com.hbx.adsmanager.domain.Bm> com.hbx.adsmanager.controller.BmController.getAccountBmList(java.lang.String,java.lang.String) throws java.lang.InterruptedException
2023Äê01ÔÂ19ÈÕ22:29:13 DEBUG 14864 --- [main] s.w.s.m.m.a.RequestMappingHandlerMapping : Mapped "{[/selenium/loginAccountSystem]}" onto public java.lang.String com.hbx.adsmanager.controller.SeleniumController.loginAccountSystem(java.lang.String[])
2023Äê01ÔÂ19ÈÕ22:29:13 DEBUG 14864 --- [main] s.w.s.m.m.a.RequestMappingHandlerMapping : Mapped "{[/selenium/adAccountRecharge]}" onto public java.lang.String com.hbx.adsmanager.controller.SeleniumController.adAccountRecharge(java.util.List<com.hbx.adsmanager.domain.vo.AdAccountRechargeVo>) throws java.lang.InterruptedException
2023Äê01ÔÂ19ÈÕ22:29:13 DEBUG 14864 --- [main] s.w.s.m.m.a.RequestMappingHandlerMapping : Mapped "{[/selenium/closeChrome]}" onto public java.lang.String com.hbx.adsmanager.controller.SeleniumController.closeChrome()
2023Äê01ÔÂ19ÈÕ22:29:13 DEBUG 14864 --- [main] s.w.s.m.m.a.RequestMappingHandlerMapping : Mapped "{[/system/index || /system/ || /],methods=[GET]}" onto public java.lang.String com.hbx.adsmanager.controller.SystemController.index()
2023Äê01ÔÂ19ÈÕ22:29:13 DEBUG 14864 --- [main] s.w.s.m.m.a.RequestMappingHandlerMapping : Mapped "{[/system/adAccount],methods=[GET]}" onto public java.lang.String com.hbx.adsmanager.controller.SystemController.adAccountList()
2023Äê01ÔÂ19ÈÕ22:29:13 DEBUG 14864 --- [main] s.w.s.m.m.a.RequestMappingHandlerMapping : Mapped "{[/system/adAccountRechargeRecord],methods=[GET]}" onto public java.lang.String com.hbx.adsmanager.controller.SystemController.adAccountRechargeRecordList()
2023Äê01ÔÂ19ÈÕ22:29:13 DEBUG 14864 --- [main] s.w.s.m.m.a.RequestMappingHandlerMapping : Mapped "{[/system/accountCookie],methods=[GET]}" onto public java.lang.String com.hbx.adsmanager.controller.SystemController.accountCookieList()
2023Äê01ÔÂ19ÈÕ22:29:13 DEBUG 14864 --- [main] s.w.s.m.m.a.RequestMappingHandlerMapping : Mapped "{[/system/walletRechargeRecord],methods=[GET]}" onto public java.lang.String com.hbx.adsmanager.controller.SystemController.walletRechargeRecordList()
2023Äê01ÔÂ19ÈÕ22:29:13 DEBUG 14864 --- [main] s.w.s.m.m.a.RequestMappingHandlerMapping : Mapped "{[/system/accountSystem],methods=[GET]}" onto public java.lang.String com.hbx.adsmanager.controller.SystemController.accountSystemList()
2023Äê01ÔÂ19ÈÕ22:29:13 DEBUG 14864 --- [main] s.w.s.m.m.a.RequestMappingHandlerMapping : Mapped "{[/walletRechargeRecord/getWalletRechargeRecordList]}" onto public java.lang.Object com.hbx.adsmanager.controller.WalletRechargeRecordController.getWalletRechargeRecordList(int,int,com.hbx.adsmanager.domain.WalletRechargeRecord)
2023Äê01ÔÂ19ÈÕ22:29:13 DEBUG 14864 --- [main] s.w.s.m.m.a.RequestMappingHandlerMapping : Mapped "{[/walletRechargeRecord/addRechargeRecordList]}" onto public void com.hbx.adsmanager.controller.WalletRechargeRecordController.addRechargeRecordList(java.lang.String)
2023Äê01ÔÂ19ÈÕ22:29:13 DEBUG 14864 --- [main] s.w.s.m.m.a.RequestMappingHandlerMapping : Mapped "{[/error]}" onto public org.springframework.http.ResponseEntity<java.util.Map<java.lang.String, java.lang.Object>> org.springframework.boot.autoconfigure.web.servlet.error.BasicErrorController.error(javax.servlet.http.HttpServletRequest)
2023Äê01ÔÂ19ÈÕ22:29:13 DEBUG 14864 --- [main] s.w.s.m.m.a.RequestMappingHandlerMapping : Mapped "{[/error],produces=[text/html]}" onto public org.springframework.web.servlet.ModelAndView org.springframework.boot.autoconfigure.web.servlet.error.BasicErrorController.errorHtml(javax.servlet.http.HttpServletRequest,javax.servlet.http.HttpServletResponse)
2023Äê01ÔÂ19ÈÕ22:29:13 DEBUG 14864 --- [main] o.s.w.s.handler.SimpleUrlHandlerMapping  : Mapped URL path [/webjars/**] onto handler of type [class org.springframework.web.servlet.resource.ResourceHttpRequestHandler]
2023Äê01ÔÂ19ÈÕ22:29:13 DEBUG 14864 --- [main] o.s.w.s.handler.SimpleUrlHandlerMapping  : Mapped URL path [/**] onto handler of type [class org.springframework.web.servlet.resource.ResourceHttpRequestHandler]
2023Äê01ÔÂ19ÈÕ22:29:14 DEBUG 14864 --- [main] s.a.ScheduledAnnotationBeanPostProcessor : No TaskScheduler/ScheduledExecutorService bean found for scheduled processing
2023Äê01ÔÂ19ÈÕ22:29:14 DEBUG 14864 --- [main] c.h.a.AdsmanagerApplicationTests         : Started AdsmanagerApplicationTests in 4.199 seconds (JVM running for 4.828)
2023Äê01ÔÂ19ÈÕ22:29:14 DEBUG 14864 --- [Thread-3] o.s.w.c.s.GenericWebApplicationContext   : Closing org.springframework.web.context.support.GenericWebApplicationContext@7f284218: startup date [Thu Jan 19 22:29:10 CST 2023]; root of context hierarchy
